{
"/Users/calvingill/Documents/videojs-plugin/videojs-divide/src/plugin.js":{"path":"/Users/calvingill/Documents/videojs-plugin/videojs-divide/src/plugin.js","statementMap":{"0":{"start":{"line":5,"column":17},"end":{"line":5,"column":19}},"1":{"start":{"line":8,"column":23},"end":{"line":8,"column":63}},"2":{"start":{"line":25,"column":22},"end":{"line":27,"column":1}},"3":{"start":{"line":26,"column":2},"end":{"line":26,"column":32}},"4":{"start":{"line":41,"column":15},"end":{"line":45,"column":1}},"5":{"start":{"line":42,"column":2},"end":{"line":44,"column":5}},"6":{"start":{"line":43,"column":4},"end":{"line":43,"column":65}},"7":{"start":{"line":48,"column":0},"end":{"line":48,"column":33}},"8":{"start":{"line":51,"column":0},"end":{"line":51,"column":25}}},"fnMap":{"0":{"name":"(anonymous_0)","decl":{"start":{"line":25,"column":22},"end":{"line":25,"column":23}},"loc":{"start":{"line":25,"column":43},"end":{"line":27,"column":1}},"line":25},"1":{"name":"(anonymous_1)","decl":{"start":{"line":41,"column":15},"end":{"line":41,"column":16}},"loc":{"start":{"line":41,"column":33},"end":{"line":45,"column":1}},"line":41},"2":{"name":"(anonymous_2)","decl":{"start":{"line":42,"column":13},"end":{"line":42,"column":14}},"loc":{"start":{"line":42,"column":19},"end":{"line":44,"column":3}},"line":42}},"branchMap":{"0":{"loc":{"start":{"line":8,"column":23},"end":{"line":8,"column":63}},"type":"binary-expr","locations":[{"start":{"line":8,"column":23},"end":{"line":8,"column":45}},{"start":{"line":8,"column":49},"end":{"line":8,"column":63}}],"line":8}},"s":{"0":1,"1":1,"2":1,"3":1,"4":1,"5":1,"6":1,"7":1,"8":1},"f":{"0":1,"1":1,"2":1},"b":{"0":[1,0]},"_coverageSchema":"332fd63041d2c1bcb487cc26dd0d5f7d97098a6c","hash":"a84b9f94fe37bb4dc76db116ce0133c82b3ad086","l":{"5":1,"8":1,"25":1,"26":1,"41":1,"42":1,"43":1,"48":1,"51":1}}}
