{
"/Users/calvingill/Documents/videojs-plugin/videojs-divide/src/plugin.js":{"path":"/Users/calvingill/Documents/videojs-plugin/videojs-divide/src/plugin.js","statementMap":{"0":{"start":{"line":6,"column":17},"end":{"line":8,"column":1}},"1":{"start":{"line":11,"column":23},"end":{"line":11,"column":63}},"2":{"start":{"line":28,"column":25},"end":{"line":41,"column":1}},"3":{"start":{"line":29,"column":23},"end":{"line":29,"column":34}},"4":{"start":{"line":30,"column":13},"end":{"line":30,"column":41}},"5":{"start":{"line":32,"column":2},"end":{"line":32,"column":21}},"6":{"start":{"line":34,"column":2},"end":{"line":39,"column":3}},"7":{"start":{"line":35,"column":15},"end":{"line":35,"column":43}},"8":{"start":{"line":37,"column":4},"end":{"line":37,"column":23}},"9":{"start":{"line":38,"column":4},"end":{"line":38,"column":21}},"10":{"start":{"line":40,"column":2},"end":{"line":40,"column":31}},"11":{"start":{"line":43,"column":22},"end":{"line":51,"column":1}},"12":{"start":{"line":44,"column":2},"end":{"line":44,"column":32}},"13":{"start":{"line":47,"column":2},"end":{"line":49,"column":3}},"14":{"start":{"line":48,"column":4},"end":{"line":48,"column":11}},"15":{"start":{"line":50,"column":2},"end":{"line":50,"column":36}},"16":{"start":{"line":65,"column":15},"end":{"line":69,"column":1}},"17":{"start":{"line":66,"column":2},"end":{"line":68,"column":5}},"18":{"start":{"line":67,"column":4},"end":{"line":67,"column":65}},"19":{"start":{"line":72,"column":0},"end":{"line":72,"column":33}},"20":{"start":{"line":75,"column":0},"end":{"line":75,"column":25}}},"fnMap":{"0":{"name":"(anonymous_0)","decl":{"start":{"line":28,"column":25},"end":{"line":28,"column":26}},"loc":{"start":{"line":28,"column":46},"end":{"line":41,"column":1}},"line":28},"1":{"name":"(anonymous_1)","decl":{"start":{"line":43,"column":22},"end":{"line":43,"column":23}},"loc":{"start":{"line":43,"column":43},"end":{"line":51,"column":1}},"line":43},"2":{"name":"(anonymous_2)","decl":{"start":{"line":65,"column":15},"end":{"line":65,"column":16}},"loc":{"start":{"line":65,"column":33},"end":{"line":69,"column":1}},"line":65},"3":{"name":"(anonymous_3)","decl":{"start":{"line":66,"column":13},"end":{"line":66,"column":14}},"loc":{"start":{"line":66,"column":19},"end":{"line":68,"column":3}},"line":66}},"branchMap":{"0":{"loc":{"start":{"line":11,"column":23},"end":{"line":11,"column":63}},"type":"binary-expr","locations":[{"start":{"line":11,"column":23},"end":{"line":11,"column":45}},{"start":{"line":11,"column":49},"end":{"line":11,"column":63}}],"line":11},"1":{"loc":{"start":{"line":47,"column":2},"end":{"line":49,"column":3}},"type":"if","locations":[{"start":{"line":47,"column":2},"end":{"line":49,"column":3}},{"start":{"line":47,"column":2},"end":{"line":49,"column":3}}],"line":47}},"s":{"0":1,"1":1,"2":1,"3":0,"4":0,"5":0,"6":0,"7":0,"8":0,"9":0,"10":0,"11":1,"12":1,"13":1,"14":1,"15":0,"16":1,"17":1,"18":1,"19":1,"20":1},"f":{"0":0,"1":1,"2":1,"3":1},"b":{"0":[1,0],"1":[1,0]},"_coverageSchema":"332fd63041d2c1bcb487cc26dd0d5f7d97098a6c","hash":"63423ced608a2e83e7f1be3f2ff33032a3e3e770","l":{"6":1,"11":1,"28":1,"29":0,"30":0,"32":0,"34":0,"35":0,"37":0,"38":0,"40":0,"43":1,"44":1,"47":1,"48":1,"50":0,"65":1,"66":1,"67":1,"72":1,"75":1}}}
