TN:
SF:/Users/calvingill/Documents/videojs-plugin/videojs-divide/src/plugin.js
FN:28,(anonymous_0)
FN:43,(anonymous_1)
FN:65,(anonymous_2)
FN:66,(anonymous_3)
FNF:4
FNH:3
FNDA:0,(anonymous_0)
FNDA:1,(anonymous_1)
FNDA:1,(anonymous_2)
FNDA:1,(anonymous_3)
DA:6,1
DA:11,1
DA:28,1
DA:29,0
DA:30,0
DA:32,0
DA:34,0
DA:35,0
DA:37,0
DA:38,0
DA:40,0
DA:43,1
DA:44,1
DA:47,1
DA:48,1
DA:50,0
DA:65,1
DA:66,1
DA:67,1
DA:72,1
DA:75,1
LF:21
LH:12
BRDA:11,0,0,1
BRDA:11,0,1,0
BRDA:47,1,0,1
BRDA:47,1,1,0
BRF:4
BRH:2
end_of_record
